# Logfile created on 2014-10-02 20:40:21 -0700 by logger.rb/44203
I, [2014-10-02T20:40:22.402422 #26955]  INFO -- : post http://picascii.com/upload.php
D, [2014-10-02T20:40:22.402494 #26955] DEBUG -- request: User-Agent: "Faraday v0.9.0"
Content-Type: "multipart/form-data; boundary=-----------RubyMultipartPost"
Content-Length: "15008"
I, [2014-10-02T20:40:22.403046 #26955]  INFO -- Status: 
I, [2014-10-02T20:41:00.681340 #26969]  INFO -- : post http://picascii.com/upload.php
D, [2014-10-02T20:41:00.681411 #26969] DEBUG -- request: User-Agent: "Faraday v0.9.0"
Content-Type: "multipart/form-data; boundary=-----------RubyMultipartPost"
Content-Length: "15008"
I, [2014-10-02T20:41:00.681900 #26969]  INFO -- Status: 
I, [2014-10-02T20:43:26.723919 #27008]  INFO -- : post http://picascii.com/upload.php
D, [2014-10-02T20:43:26.724010 #27008] DEBUG -- request: User-Agent: "Faraday v0.9.0"
Content-Type: "application/x-www-form-urlencoded"
I, [2014-10-02T20:43:26.724163 #27008]  INFO -- Status: 200
D, [2014-10-02T20:43:26.724221 #27008] DEBUG -- response: set-cookie: "clusterBAK=R1564868203; path=/; expires=Fri, 03-Oct-2014 04:58:00 GMT, cluster=R2881491657; path=/; expires=Fri, 03-Oct-2014 04:55:16 GMT, PHPSESSID=e1e4235487542dea8e6c0779db699e25; path=/"
content-type: "text/html"
server: "Apache"
expires: "Thu, 19 Nov 1981 08:52:00 GMT"
cache-control: "no-store, no-cache, must-revalidate, post-check=0, pre-check=0"
pragma: "no-cache"
vary: "Accept-Encoding"
transfer-encoding: "chunked"
date: "Fri, 03 Oct 2014 03:43:26 GMT"
connection: "close"
x-geo: "varn22.rbx5"
x-geo-port: "1013"
x-cacheable: "Not cacheable: no-cache"
I, [2014-10-02T20:43:33.973031 #27012]  INFO -- : post http://picascii.com/upload.php
D, [2014-10-02T20:43:33.973080 #27012] DEBUG -- request: User-Agent: "Faraday v0.9.0"
Content-Type: "application/x-www-form-urlencoded"
I, [2014-10-02T20:43:33.973330 #27012]  INFO -- Status: 200
D, [2014-10-02T20:43:33.973394 #27012] DEBUG -- response: set-cookie: "clusterBAK=R1564860580; path=/; expires=Fri, 03-Oct-2014 04:55:16 GMT, cluster=R2881491657; path=/; expires=Fri, 03-Oct-2014 05:03:46 GMT, PHPSESSID=b7c03ccc085b7d486493d3f8af7fb2f1; path=/"
content-type: "text/html"
server: "Apache"
expires: "Thu, 19 Nov 1981 08:52:00 GMT"
cache-control: "no-store, no-cache, must-revalidate, post-check=0, pre-check=0"
pragma: "no-cache"
vary: "Accept-Encoding"
transfer-encoding: "chunked"
date: "Fri, 03 Oct 2014 03:43:33 GMT"
connection: "close"
x-geo: "varn22.rbx5"
x-geo-port: "1013"
x-cacheable: "Not cacheable: no-cache"
I, [2014-10-02T20:44:04.819633 #27017]  INFO -- : post http://picascii.com/upload.php
D, [2014-10-02T20:44:04.819711 #27017] DEBUG -- request: User-Agent: "Faraday v0.9.0"
Content-Type: "application/x-www-form-urlencoded"
I, [2014-10-02T20:44:04.819882 #27017]  INFO -- Status: 502
D, [2014-10-02T20:44:04.819923 #27017] DEBUG -- response: cache-control: "no-store"
content-type: "text/html; charset=utf-8"
content-language: "en"
transfer-encoding: "chunked"
date: "Fri, 03 Oct 2014 03:44:04 GMT"
connection: "close"
x-geo: "varn22.rbx5"
x-geo-port: "1013"
x-cacheable: ""
